<?xml version="1.0" encoding="UTF-8"?>
<!-- Generated by org.testng.reporters.JUnitReportReporter -->
<testsuite hostname="DESKTOP-FPK37S0" failures="0" tests="1" name="Basic_functionality.fb_registration" time="42.781" errors="0" timestamp="2024-02-04T18:23:24 IST" skipped="0">
  <testcase classname="Basic_functionality.fb_registration" name="test" time="42.781"/>
</testsuite> <!-- Basic_functionality.fb_registration -->
